<?xml version="1.0" encoding="UTF-8"?>
<coverage generated="1702201651801" clover="3.2.0">
  <project timestamp="1702201651801" name="All files">
    <metrics statements="16" coveredstatements="16" conditionals="4" coveredconditionals="3" methods="3" coveredmethods="3" elements="23" coveredelements="22" complexity="0" loc="16" ncloc="16" packages="1" files="1" classes="1"/>
    <file name="iBases.js" path="/Users/cp/Documents/bondPrediction/built/properties/iBases.js">
      <metrics statements="16" coveredstatements="16" conditionals="4" coveredconditionals="3" methods="3" coveredmethods="3"/>
      <line num="1" count="1" type="stmt"/>
      <line num="2" count="1" type="stmt"/>
      <line num="3" count="1" type="stmt"/>
      <line num="4" count="1" type="stmt"/>
      <line num="5" count="1" type="cond" truecount="1" falsecount="0"/>
      <line num="6" count="1" type="stmt"/>
      <line num="7" count="1" type="stmt"/>
      <line num="8" count="1" type="stmt"/>
      <line num="9" count="1" type="cond" truecount="1" falsecount="0"/>
      <line num="10" count="2" type="cond" truecount="0" falsecount="1"/>
      <line num="11" count="2" type="stmt"/>
      <line num="12" count="1" type="cond" truecount="1" falsecount="0"/>
      <line num="13" count="2" type="stmt"/>
      <line num="14" count="2" type="stmt"/>
      <line num="15" count="1" type="stmt"/>
      <line num="16" count="1" type="stmt"/>
    </file>
  </project>
</coverage>
