{"/Users/cp/Documents/bondPrediction/built/logger/Logger.js": {"path":"/Users/cp/Documents/bondPrediction/built/logger/Logger.js","all":false,"statementMap":{"0":{"start":{"line":1,"column":0},"end":{"line":1,"column":13}},"1":{"start":{"line":2,"column":0},"end":{"line":2,"column":90}},"2":{"start":{"line":3,"column":0},"end":{"line":3,"column":112}},"3":{"start":{"line":4,"column":0},"end":{"line":4,"column":64}},"4":{"start":{"line":5,"column":0},"end":{"line":5,"column":99}},"5":{"start":{"line":6,"column":0},"end":{"line":6,"column":102}},"6":{"start":{"line":7,"column":0},"end":{"line":7,"column":118}},"7":{"start":{"line":8,"column":0},"end":{"line":8,"column":78}},"8":{"start":{"line":9,"column":0},"end":{"line":9,"column":7}},"9":{"start":{"line":10,"column":0},"end":{"line":10,"column":2}},"10":{"start":{"line":11,"column":0},"end":{"line":11,"column":62}},"11":{"start":{"line":12,"column":0},"end":{"line":12,"column":24}},"12":{"start":{"line":13,"column":0},"end":{"line":13,"column":25}},"13":{"start":{"line":14,"column":0},"end":{"line":14,"column":31}},"14":{"start":{"line":15,"column":0},"end":{"line":15,"column":15}},"15":{"start":{"line":16,"column":0},"end":{"line":16,"column":19}},"16":{"start":{"line":17,"column":0},"end":{"line":17,"column":32}},"17":{"start":{"line":18,"column":0},"end":{"line":18,"column":5}},"18":{"start":{"line":19,"column":0},"end":{"line":19,"column":16}},"19":{"start":{"line":20,"column":0},"end":{"line":20,"column":151}},"20":{"start":{"line":21,"column":0},"end":{"line":21,"column":68}},"21":{"start":{"line":22,"column":0},"end":{"line":22,"column":44}},"22":{"start":{"line":23,"column":0},"end":{"line":23,"column":25}},"23":{"start":{"line":24,"column":0},"end":{"line":24,"column":29}},"24":{"start":{"line":25,"column":0},"end":{"line":25,"column":10}},"25":{"start":{"line":26,"column":0},"end":{"line":26,"column":27}},"26":{"start":{"line":27,"column":0},"end":{"line":27,"column":29}},"27":{"start":{"line":28,"column":0},"end":{"line":28,"column":26}},"28":{"start":{"line":29,"column":0},"end":{"line":29,"column":11}},"29":{"start":{"line":30,"column":0},"end":{"line":30,"column":5}},"30":{"start":{"line":31,"column":0},"end":{"line":31,"column":19}},"31":{"start":{"line":32,"column":0},"end":{"line":32,"column":61}},"32":{"start":{"line":33,"column":0},"end":{"line":33,"column":155}},"33":{"start":{"line":34,"column":0},"end":{"line":34,"column":72}},"34":{"start":{"line":35,"column":0},"end":{"line":35,"column":54}},"35":{"start":{"line":36,"column":0},"end":{"line":36,"column":29}},"36":{"start":{"line":37,"column":0},"end":{"line":37,"column":33}},"37":{"start":{"line":38,"column":0},"end":{"line":38,"column":14}},"38":{"start":{"line":39,"column":0},"end":{"line":39,"column":31}},"39":{"start":{"line":40,"column":0},"end":{"line":40,"column":62}},"40":{"start":{"line":41,"column":0},"end":{"line":41,"column":15}},"41":{"start":{"line":42,"column":0},"end":{"line":42,"column":11}},"42":{"start":{"line":43,"column":0},"end":{"line":43,"column":5}},"43":{"start":{"line":44,"column":0},"end":{"line":44,"column":1}},"44":{"start":{"line":45,"column":0},"end":{"line":45,"column":31}}},"s":{"0":1,"1":1,"2":2,"3":2,"4":2,"5":2,"6":2,"7":2,"8":2,"9":2,"10":1,"11":1,"12":1,"13":1,"14":1,"15":1,"16":1,"17":1,"18":1,"19":0,"20":0,"21":0,"22":0,"23":0,"24":0,"25":0,"26":0,"27":0,"28":0,"29":0,"30":1,"31":2,"32":2,"33":2,"34":2,"35":2,"36":0,"37":2,"38":2,"39":0,"40":2,"41":2,"42":2,"43":1,"44":1},"branchMap":{"0":{"type":"branch","line":2,"loc":{"start":{"line":2,"column":44},"end":{"line":10,"column":2}},"locations":[{"start":{"line":2,"column":44},"end":{"line":10,"column":2}}]},"1":{"type":"branch","line":3,"loc":{"start":{"line":3,"column":4},"end":{"line":3,"column":112}},"locations":[{"start":{"line":3,"column":4},"end":{"line":3,"column":112}}]},"2":{"type":"branch","line":3,"loc":{"start":{"line":3,"column":53},"end":{"line":3,"column":61}},"locations":[{"start":{"line":3,"column":53},"end":{"line":3,"column":61}}]},"3":{"type":"branch","line":3,"loc":{"start":{"line":3,"column":70},"end":{"line":3,"column":108}},"locations":[{"start":{"line":3,"column":70},"end":{"line":3,"column":108}}]},"4":{"type":"branch","line":4,"loc":{"start":{"line":4,"column":36},"end":{"line":9,"column":5}},"locations":[{"start":{"line":4,"column":36},"end":{"line":9,"column":5}}]},"5":{"type":"branch","line":7,"loc":{"start":{"line":7,"column":8},"end":{"line":7,"column":118}},"locations":[{"start":{"line":7,"column":8},"end":{"line":7,"column":118}}]},"6":{"type":"branch","line":7,"loc":{"start":{"line":7,"column":43},"end":{"line":7,"column":67}},"locations":[{"start":{"line":7,"column":43},"end":{"line":7,"column":67}}]},"7":{"type":"branch","line":16,"loc":{"start":{"line":16,"column":4},"end":{"line":18,"column":5}},"locations":[{"start":{"line":16,"column":4},"end":{"line":18,"column":5}}]},"8":{"type":"branch","line":31,"loc":{"start":{"line":31,"column":4},"end":{"line":43,"column":5}},"locations":[{"start":{"line":31,"column":4},"end":{"line":43,"column":5}}]},"9":{"type":"branch","line":32,"loc":{"start":{"line":32,"column":47},"end":{"line":42,"column":9}},"locations":[{"start":{"line":32,"column":47},"end":{"line":42,"column":9}}]},"10":{"type":"branch","line":41,"loc":{"start":{"line":41,"column":14},"end":{"line":42,"column":9}},"locations":[{"start":{"line":41,"column":14},"end":{"line":42,"column":9}}]}},"b":{"0":[2],"1":[2],"2":[0],"3":[2],"4":[2],"5":[2],"6":[0],"7":[1],"8":[2],"9":[2],"10":[0]},"fnMap":{"0":{"name":"Object.<anonymous>.__awaiter","decl":{"start":{"line":2,"column":44},"end":{"line":10,"column":2}},"loc":{"start":{"line":2,"column":44},"end":{"line":10,"column":2}},"line":2},"1":{"name":"adopt","decl":{"start":{"line":3,"column":4},"end":{"line":3,"column":112}},"loc":{"start":{"line":3,"column":4},"end":{"line":3,"column":112}},"line":3},"2":{"name":"fulfilled","decl":{"start":{"line":5,"column":8},"end":{"line":5,"column":99}},"loc":{"start":{"line":5,"column":8},"end":{"line":5,"column":99}},"line":5},"3":{"name":"rejected","decl":{"start":{"line":6,"column":8},"end":{"line":6,"column":102}},"loc":{"start":{"line":6,"column":8},"end":{"line":6,"column":102}},"line":6},"4":{"name":"step","decl":{"start":{"line":7,"column":8},"end":{"line":7,"column":118}},"loc":{"start":{"line":7,"column":8},"end":{"line":7,"column":118}},"line":7},"5":{"name":"ILogger","decl":{"start":{"line":16,"column":4},"end":{"line":18,"column":5}},"loc":{"start":{"line":16,"column":4},"end":{"line":18,"column":5}},"line":16},"6":{"name":"error","decl":{"start":{"line":19,"column":4},"end":{"line":30,"column":5}},"loc":{"start":{"line":19,"column":4},"end":{"line":30,"column":5}},"line":19},"7":{"name":"log","decl":{"start":{"line":31,"column":4},"end":{"line":43,"column":5}},"loc":{"start":{"line":31,"column":4},"end":{"line":43,"column":5}},"line":31}},"f":{"0":2,"1":2,"2":0,"3":0,"4":2,"5":1,"6":0,"7":2}}
,"/Users/cp/Documents/bondPrediction/built/properties/iBases.js": {"path":"/Users/cp/Documents/bondPrediction/built/properties/iBases.js","all":false,"statementMap":{"0":{"start":{"line":1,"column":0},"end":{"line":1,"column":13}},"1":{"start":{"line":2,"column":0},"end":{"line":2,"column":62}},"2":{"start":{"line":3,"column":0},"end":{"line":3,"column":33}},"3":{"start":{"line":4,"column":0},"end":{"line":4,"column":45}},"4":{"start":{"line":5,"column":0},"end":{"line":5,"column":23}},"5":{"start":{"line":6,"column":0},"end":{"line":6,"column":35}},"6":{"start":{"line":7,"column":0},"end":{"line":7,"column":41}},"7":{"start":{"line":8,"column":0},"end":{"line":8,"column":26}},"8":{"start":{"line":9,"column":0},"end":{"line":9,"column":5}},"9":{"start":{"line":10,"column":0},"end":{"line":10,"column":16}},"10":{"start":{"line":11,"column":0},"end":{"line":11,"column":29}},"11":{"start":{"line":12,"column":0},"end":{"line":12,"column":37}},"12":{"start":{"line":13,"column":0},"end":{"line":13,"column":11}},"13":{"start":{"line":14,"column":0},"end":{"line":14,"column":35}},"14":{"start":{"line":15,"column":0},"end":{"line":15,"column":5}},"15":{"start":{"line":16,"column":0},"end":{"line":16,"column":27}},"16":{"start":{"line":17,"column":0},"end":{"line":17,"column":37}},"17":{"start":{"line":18,"column":0},"end":{"line":18,"column":29}},"18":{"start":{"line":19,"column":0},"end":{"line":19,"column":55}},"19":{"start":{"line":20,"column":0},"end":{"line":20,"column":11}},"20":{"start":{"line":21,"column":0},"end":{"line":21,"column":35}},"21":{"start":{"line":22,"column":0},"end":{"line":22,"column":5}},"22":{"start":{"line":23,"column":0},"end":{"line":23,"column":1}},"23":{"start":{"line":24,"column":0},"end":{"line":24,"column":42}}},"s":{"0":1,"1":1,"2":1,"3":1,"4":1,"5":1,"6":1,"7":1,"8":1,"9":1,"10":1,"11":1,"12":1,"13":1,"14":1,"15":1,"16":1,"17":1,"18":1,"19":1,"20":1,"21":1,"22":1,"23":1},"branchMap":{"0":{"type":"branch","line":6,"loc":{"start":{"line":6,"column":4},"end":{"line":9,"column":5}},"locations":[{"start":{"line":6,"column":4},"end":{"line":9,"column":5}}]},"1":{"type":"branch","line":10,"loc":{"start":{"line":10,"column":4},"end":{"line":15,"column":5}},"locations":[{"start":{"line":10,"column":4},"end":{"line":15,"column":5}}]},"2":{"type":"branch","line":14,"loc":{"start":{"line":14,"column":28},"end":{"line":14,"column":34}},"locations":[{"start":{"line":14,"column":28},"end":{"line":14,"column":34}}]},"3":{"type":"branch","line":16,"loc":{"start":{"line":16,"column":4},"end":{"line":22,"column":5}},"locations":[{"start":{"line":16,"column":4},"end":{"line":22,"column":5}}]}},"b":{"0":[1],"1":[1],"2":[0],"3":[1]},"fnMap":{"0":{"name":"OrbitalStrength","decl":{"start":{"line":6,"column":4},"end":{"line":9,"column":5}},"loc":{"start":{"line":6,"column":4},"end":{"line":9,"column":5}},"line":6},"1":{"name":"Strength","decl":{"start":{"line":10,"column":4},"end":{"line":15,"column":5}},"loc":{"start":{"line":10,"column":4},"end":{"line":15,"column":5}},"line":10},"2":{"name":"OrbitalDistribution","decl":{"start":{"line":16,"column":4},"end":{"line":22,"column":5}},"loc":{"start":{"line":16,"column":4},"end":{"line":22,"column":5}},"line":16}},"f":{"0":1,"1":1,"2":1}}
}
