TN:
SF:built/logger/Logger.js
FN:2,Object.<anonymous>.__awaiter
FN:3,adopt
FN:5,fulfilled
FN:6,rejected
FN:7,step
FN:16,ILogger
FN:19,error
FN:31,log
FNF:8
FNH:5
FNDA:2,Object.<anonymous>.__awaiter
FNDA:2,adopt
FNDA:0,fulfilled
FNDA:0,rejected
FNDA:2,step
FNDA:1,ILogger
FNDA:0,error
FNDA:2,log
DA:1,1
DA:2,1
DA:3,2
DA:4,2
DA:5,2
DA:6,2
DA:7,2
DA:8,2
DA:9,2
DA:10,2
DA:11,1
DA:12,1
DA:13,1
DA:14,1
DA:15,1
DA:16,1
DA:17,1
DA:18,1
DA:19,1
DA:20,0
DA:21,0
DA:22,0
DA:23,0
DA:24,0
DA:25,0
DA:26,0
DA:27,0
DA:28,0
DA:29,0
DA:30,0
DA:31,1
DA:32,2
DA:33,2
DA:34,2
DA:35,2
DA:36,2
DA:37,0
DA:38,2
DA:39,2
DA:40,0
DA:41,2
DA:42,2
DA:43,2
DA:44,1
DA:45,1
LF:45
LH:32
BRDA:2,0,0,2
BRDA:3,1,0,2
BRDA:3,2,0,0
BRDA:3,3,0,2
BRDA:4,4,0,2
BRDA:7,5,0,2
BRDA:7,6,0,0
BRDA:16,7,0,1
BRDA:31,8,0,2
BRDA:32,9,0,2
BRDA:41,10,0,0
BRF:11
BRH:8
end_of_record
TN:
SF:built/properties/iBases.js
FN:6,OrbitalStrength
FN:10,Strength
FN:16,OrbitalDistribution
FNF:3
FNH:3
FNDA:1,OrbitalStrength
FNDA:1,Strength
FNDA:1,OrbitalDistribution
DA:1,1
DA:2,1
DA:3,1
DA:4,1
DA:5,1
DA:6,1
DA:7,1
DA:8,1
DA:9,1
DA:10,1
DA:11,1
DA:12,1
DA:13,1
DA:14,1
DA:15,1
DA:16,1
DA:17,1
DA:18,1
DA:19,1
DA:20,1
DA:21,1
DA:22,1
DA:23,1
DA:24,1
LF:24
LH:24
BRDA:6,0,0,1
BRDA:10,1,0,1
BRDA:14,2,0,0
BRDA:16,3,0,1
BRF:4
BRH:3
end_of_record
